#
# A fatal error has been detected by the Java Runtime Environment:
#
#  SIGSEGV (0xb) at pc=0x000000010ef81483, pid=13402, tid=0x0000000000000e03
#
# JRE version: Java(TM) SE Runtime Environment (8.0_144-b01) (build 1.8.0_144-b01)
# Java VM: Java HotSpot(TM) 64-Bit Server VM (25.144-b01 mixed mode bsd-amd64 compressed oops)
# Problematic frame:
# V  [libjvm.dylib+0x581483]
#
# Failed to write core dump. Core dumps have been disabled. To enable core dumping, try "ulimit -c unlimited" before starting Java again
#
# If you would like to submit a bug report, please visit:
#   http://bugreport.java.com/bugreport/crash.jsp
#

---------------  T H R E A D  ---------------

Current thread (0x00007fd79f008800):  JavaThread "main" [_thread_in_vm, id=3587, stack(0x0000700006422000,0x0000700006522000)]

siginfo: si_signo: 11 (SIGSEGV), si_code: 1 (SEGV_MAPERR), si_addr: 0x0000000000000010

Registers:
RAX=0x00007fd79f008800, RBX=0x0000000000000010, RCX=0x000000010f2243c0, RDX=0x0000000000000010
RSP=0x0000700006520ee0, RBP=0x0000700006520f10, RSI=0x0000000000000006, RDI=0x000000000000010c
R8 =0x00000000000013ef, R9 =0x000000000000003f, R10=0x000000010f9c6c58, R11=0x000000010eee5563
R12=0x0000000000000000, R13=0x00000001238bb578, R14=0x00007fd79f008800, R15=0x0000700006520ef0
RIP=0x000000010ef81483, EFLAGS=0x0000000000010246, ERR=0x0000000000000004
  TRAPNO=0x000000000000000e

Top of Stack: (sp=0x0000700006520ee0)
0x0000700006520ee0:   00007fd79f008800 00007fd79f008800
0x0000700006520ef0:   00007fd79f008800 00000001238bb578
0x0000700006520f00:   0000700006520fa8 00007fd79f008800
0x0000700006520f10:   0000700006520f78 000000010f9c6c84
0x0000700006520f20:   0000700006520f78 000000010f9c6747
0x0000700006520f30:   000000010f9c6702 0000700006520f38
0x0000700006520f40:   00000001238bb578 0000700006520fa8
0x0000700006520f50:   00000001238e9db8 0000000000000000
0x0000700006520f60:   00000001238bb578 0000000000000000
0x0000700006520f70:   0000700006520f98 0000700006521010
0x0000700006520f80:   000000010f9a77a7 0000000000000000
0x0000700006520f90:   000000010f9bd476 0000000000000010
0x0000700006520fa0:   0000030000002201 00000007955889a0
0x0000700006520fb0:   0000000100001fa0 000000000000000a
0x0000700006520fc0:   00007fd79f008800 0000000000000003
0x0000700006520fd0:   000000010f9a771f 00000001238bb578
0x0000700006520fe0:   00007000065210a8 0000700006521390
0x0000700006520ff0:   00007fd70000000a 00000001238bb578
0x0000700006521000:   000000010f9c6660 00007000065211f8
0x0000700006521010:   00007000065211c0 000000010ecee70a
0x0000700006521020:   0000000000000003 00007fd79f008800
0x0000700006521030:   0000000000000001 0000700006521390
0x0000700006521040:   00007fd79ec06eb0 000000010f9c6660
0x0000700006521050:   0000700006521080 00007000065211f0
0x0000700006521060:   0000700006521388 00007fd79f008800
0x0000700006521070:   00007fd79f008800 00007fd79ec06a10
0x0000700006521080:   00007fd79ec06ea0 00007fd79ec06eb8
0x0000700006521090:   00007fd79ec06f88 00000000000000d8
0x00007000065210a0:   0000700006521648 00007fd79f008800
0x00007000065210b0:   00007fd79ec152d0 00000001238bb578
0x00007000065210c0:   00000007955889a0 0000700006521890
0x00007000065210d0:   0000000000000000 00007000065218d0 

Instructions: (pc=0x000000010ef81483)
0x000000010ef81463:   00 e8 33 93 be ff 4c 89 75 d8 48 8d 05 ec 6d 2b
0x000000010ef81473:   00 48 63 38 e8 90 ae 04 00 c6 80 94 02 00 00 01
0x000000010ef81483:   8b 1b c6 80 94 02 00 00 00 48 8d 7d d8 e8 c7 55
0x000000010ef81493:   da ff ba 04 00 00 00 4c 89 ff be 06 00 00 00 e8 

Register to memory mapping:

RAX=0x00007fd79f008800 is a thread
RBX=0x0000000000000010 is an unknown value
RCX=0x000000010f2243c0: UseMembar+0 in /Library/Java/JavaVirtualMachines/jdk1.8.0_144.jdk/Contents/Home/jre/lib/server/libjvm.dylib at 0x000000010ea00000
RDX=0x0000000000000010 is an unknown value
RSP=0x0000700006520ee0 is pointing into the stack for thread: 0x00007fd79f008800
RBP=0x0000700006520f10 is pointing into the stack for thread: 0x00007fd79f008800
RSI=0x0000000000000006 is an unknown value
RDI=0x000000000000010c is an unknown value
R8 =0x00000000000013ef is an unknown value
R9 =0x000000000000003f is an unknown value
R10=0x000000010f9c6c58 is at code_begin+1528 in an Interpreter codelet
method entry point (kind = native)  [0x000000010f9c6660, 0x000000010f9c7580]  3872 bytes
R11=0x000000010eee5563: throw_unsatisfied_link_error+0 in /Library/Java/JavaVirtualMachines/jdk1.8.0_144.jdk/Contents/Home/jre/lib/server/libjvm.dylib at 0x000000010ea00000
R12=0x0000000000000000 is an unknown value
R13={method} {0x00000001238bb578} 'getInt' '(J)I' in 'sun/misc/Unsafe'
R14=0x00007fd79f008800 is a thread
R15=0x0000700006520ef0 is pointing into the stack for thread: 0x00007fd79f008800


Stack: [0x0000700006422000,0x0000700006522000],  sp=0x0000700006520ee0,  free space=1019k
Native frames: (J=compiled Java code, j=interpreted, Vv=VM code, C=native code)
V  [libjvm.dylib+0x581483]
j  sun.misc.Unsafe.getInt(J)I+0
v  ~StubRoutines::call_stub
V  [libjvm.dylib+0x2ee70a]
V  [libjvm.dylib+0x3258b9]
V  [libjvm.dylib+0x317185]
C  [libjdwp.dylib+0x17fb0]  invoker_doInvoke+0xce8
C  [libjdwp.dylib+0x14270]  reportEvents+0x21b
C  [libjdwp.dylib+0x145cd]  event_callback+0x342
C  [libjdwp.dylib+0x11b8d]  cbSingleStep+0xee
V  [libjvm.dylib+0x3953ad]
V  [libjvm.dylib+0x396d52]
V  [libjvm.dylib+0x2e7a70]
j  java.util.concurrent.locks.AbstractQueuedSynchronizer.compareAndSetState(II)Z+0
j  java.util.concurrent.locks.ReentrantLock$NonfairSync.lock()V+3
j  java.util.concurrent.locks.ReentrantLock.lock()V+4
j  com.night.lock.LockTest.main([Ljava/lang/String;)V+19
v  ~StubRoutines::call_stub
V  [libjvm.dylib+0x2ee70a]
V  [libjvm.dylib+0x325522]
V  [libjvm.dylib+0x31e299]
C  [java+0x3931]  JavaMain+0x9c4
C  [libsystem_pthread.dylib+0x6109]  _pthread_start+0x94
C  [libsystem_pthread.dylib+0x1b8b]  thread_start+0xf
C  0x0000000000000000

Java frames: (J=compiled Java code, j=interpreted, Vv=VM code)
j  sun.misc.Unsafe.getInt(J)I+0
v  ~StubRoutines::call_stub
j  java.util.concurrent.locks.AbstractQueuedSynchronizer.compareAndSetState(II)Z+0
j  java.util.concurrent.locks.ReentrantLock$NonfairSync.lock()V+3
j  java.util.concurrent.locks.ReentrantLock.lock()V+4
j  com.night.lock.LockTest.main([Ljava/lang/String;)V+19
v  ~StubRoutines::call_stub

---------------  P R O C E S S  ---------------

Java Threads: ( => current thread )
  0x00007fd7a0085800 JavaThread "Service Thread" daemon [_thread_blocked, id=16899, stack(0x0000700007455000,0x0000700007555000)]
  0x00007fd7a0085000 JavaThread "C1 CompilerThread2" daemon [_thread_blocked, id=17411, stack(0x0000700007352000,0x0000700007452000)]
  0x00007fd7a0049000 JavaThread "C2 CompilerThread1" daemon [_thread_blocked, id=17667, stack(0x000070000724f000,0x000070000734f000)]
  0x00007fd7a0879800 JavaThread "C2 CompilerThread0" daemon [_thread_blocked, id=14339, stack(0x000070000714c000,0x000070000724c000)]
  0x00007fd7a004b000 JavaThread "JDWP Command Reader" daemon [_thread_in_native, id=17923, stack(0x0000700007049000,0x0000700007149000)]
  0x00007fd7a004a000 JavaThread "JDWP Event Helper Thread" daemon [_thread_blocked, id=13571, stack(0x0000700006f46000,0x0000700007046000)]
  0x00007fd7a0814000 JavaThread "JDWP Transport Listener: dt_socket" daemon [_thread_blocked, id=18439, stack(0x0000700006e43000,0x0000700006f43000)]
  0x00007fd7a000e800 JavaThread "Signal Dispatcher" daemon [_thread_blocked, id=18947, stack(0x0000700006d40000,0x0000700006e40000)]
  0x00007fd79f808800 JavaThread "Finalizer" daemon [_thread_blocked, id=20739, stack(0x0000700006b37000,0x0000700006c37000)]
  0x00007fd7a0033800 JavaThread "Reference Handler" daemon [_thread_blocked, id=11267, stack(0x0000700006a34000,0x0000700006b34000)]
=>0x00007fd79f008800 JavaThread "main" [_thread_in_vm, id=3587, stack(0x0000700006422000,0x0000700006522000)]

Other Threads:
  0x00007fd7a0813800 VMThread [stack: 0x0000700006931000,0x0000700006a31000] [id=21507]
  0x00007fd7a087c000 WatcherThread [stack: 0x0000700007558000,0x0000700007658000] [id=15363]

VM state:not at safepoint (normal execution)

VM Mutex/Monitor currently owned by a thread: None

Heap:
 PSYoungGen      total 38400K, used 3996K [0x0000000795580000, 0x0000000798000000, 0x00000007c0000000)
  eden space 33280K, 12% used [0x0000000795580000,0x0000000795967140,0x0000000797600000)
  from space 5120K, 0% used [0x0000000797b00000,0x0000000797b00000,0x0000000798000000)
  to   space 5120K, 0% used [0x0000000797600000,0x0000000797600000,0x0000000797b00000)
 ParOldGen       total 87552K, used 0K [0x0000000740000000, 0x0000000745580000, 0x0000000795580000)
  object space 87552K, 0% used [0x0000000740000000,0x0000000740000000,0x0000000745580000)
 Metaspace       used 3177K, capacity 4556K, committed 4864K, reserved 1056768K
  class space    used 339K, capacity 392K, committed 512K, reserved 1048576K

Card table byte_map: [0x000000011ed67000,0x000000011f168000] byte_map_base: 0x000000011b367000

Marking Bits: (ParMarkBitMap*) 0x000000010f2f35d0
 Begin Bits: [0x000000011f413000, 0x0000000121413000)
 End Bits:   [0x0000000121413000, 0x0000000123413000)

Polling page: 0x000000010e13b000

CodeCache: size=245760Kb used=1113Kb max_used=1113Kb free=244646Kb
 bounds [0x000000010f9a7000, 0x000000010fc17000, 0x000000011e9a7000]
 total_blobs=264 nmethods=30 adapters=157
 compilation: enabled

Compilation events (10 events):
Event: 23.682 Thread 0x00007fd7a0085000   26       3       java.util.Arrays::copyOf (19 bytes)
Event: 23.683 Thread 0x00007fd7a0085000 nmethod 26 0x000000010fabcc50 code [0x000000010fabcde0, 0x000000010fabd108]
Event: 109.123 Thread 0x00007fd7a0085000   29       3       java.lang.AbstractStringBuilder::ensureCapacityInternal (27 bytes)
Event: 109.123 Thread 0x00007fd7a0085000 nmethod 29 0x000000010fabc490 code [0x000000010fabc620, 0x000000010fabca98]
Event: 109.123 Thread 0x00007fd7a0085000   27       3       java.lang.AbstractStringBuilder::append (50 bytes)
Event: 109.124 Thread 0x00007fd7a0085000 nmethod 27 0x000000010fabb850 code [0x000000010fabba20, 0x000000010fabc178]
Event: 109.124 Thread 0x00007fd7a0085000   28       3       java.lang.String::getChars (62 bytes)
Event: 109.125 Thread 0x00007fd7a0085000 nmethod 28 0x000000010fabaf10 code [0x000000010fabb0e0, 0x000000010fabb578]
Event: 114.265 Thread 0x00007fd7a0085000   30       3       java.lang.String::<init> (82 bytes)
Event: 114.266 Thread 0x00007fd7a0085000 nmethod 30 0x000000010fabd990 code [0x000000010fabdb80, 0x000000010fabe0b8]

GC Heap History (0 events):
No events

Deoptimization events (0 events):
No events

Internal exceptions (2 events):
Event: 0.067 Thread 0x00007fd79f008800 Exception <a 'java/lang/NoSuchMethodError': Method sun.misc.Unsafe.defineClass(Ljava/lang/String;[BII)Ljava/lang/Class; name or signature does not match> (0x0000000795587ca8) thrown at [/Users/java_re/workspace/8-2-build-macosx-x86_64/jdk8u144/9417/hotspo
Event: 0.067 Thread 0x00007fd79f008800 Exception <a 'java/lang/NoSuchMethodError': Method sun.misc.Unsafe.prefetchRead(Ljava/lang/Object;J)V name or signature does not match> (0x0000000795587f90) thrown at [/Users/java_re/workspace/8-2-build-macosx-x86_64/jdk8u144/9417/hotspot/src/share/vm/pri

Events (10 events):
Event: 117.007 Executing VM operation: GetOrSetLocal
Event: 117.007 Executing VM operation: GetOrSetLocal done
Event: 117.007 Executing VM operation: GetOrSetLocal
Event: 117.007 Executing VM operation: GetOrSetLocal done
Event: 119.716 Executing VM operation: GetOrSetLocal
Event: 119.716 Executing VM operation: GetOrSetLocal done
Event: 119.717 Executing VM operation: GetOrSetLocal
Event: 119.717 Executing VM operation: GetOrSetLocal done
Event: 130.058 Executing VM operation: GetOrSetLocal
Event: 130.058 Executing VM operation: GetOrSetLocal done


Dynamic libraries:
0x00000000043aa000 	/System/Library/Frameworks/Cocoa.framework/Versions/A/Cocoa
0x00000000043aa000 	/System/Library/Frameworks/Security.framework/Versions/A/Security
0x00000000043aa000 	/System/Library/Frameworks/ApplicationServices.framework/Versions/A/ApplicationServices
0x00000000043aa000 	/usr/lib/libz.1.dylib
0x00000000043aa000 	/usr/lib/libSystem.B.dylib
0x00000000043aa000 	/usr/lib/libobjc.A.dylib
0x00000000043aa000 	/System/Library/Frameworks/CoreFoundation.framework/Versions/A/CoreFoundation
0x00000000043aa000 	/System/Library/Frameworks/Foundation.framework/Versions/C/Foundation
0x00000000043aa000 	/System/Library/Frameworks/AppKit.framework/Versions/C/AppKit
0x00000000043aa000 	/System/Library/Frameworks/CoreData.framework/Versions/A/CoreData
0x00000000043aa000 	/System/Library/PrivateFrameworks/UIFoundation.framework/Versions/A/UIFoundation
0x00000000043aa000 	/System/Library/PrivateFrameworks/RemoteViewServices.framework/Versions/A/RemoteViewServices
0x00000000043aa000 	/System/Library/PrivateFrameworks/XCTTargetBootstrap.framework/Versions/A/XCTTargetBootstrap
0x00000000043aa000 	/System/Library/Frameworks/CoreDisplay.framework/Versions/A/CoreDisplay
0x00000000043aa000 	/System/Library/Frameworks/Metal.framework/Versions/A/Metal
0x00000000043aa000 	/System/Library/PrivateFrameworks/DesktopServicesPriv.framework/Versions/A/DesktopServicesPriv
0x00000000043aa000 	/usr/lib/liblangid.dylib
0x00000000043aa000 	/System/Library/PrivateFrameworks/CoreSVG.framework/Versions/A/CoreSVG
0x00000000043aa000 	/System/Library/PrivateFrameworks/SkyLight.framework/Versions/A/SkyLight
0x00000000043aa000 	/System/Library/Frameworks/CoreGraphics.framework/Versions/A/CoreGraphics
0x00000000043aa000 	/System/Library/Frameworks/Accelerate.framework/Versions/A/Accelerate
0x00000000043aa000 	/usr/lib/libxml2.2.dylib
0x00000000043aa000 	/System/Library/PrivateFrameworks/IconServices.framework/Versions/A/IconServices
0x00000000043aa000 	/System/Library/Frameworks/IOSurface.framework/Versions/A/IOSurface
0x00000000043aa000 	/usr/lib/libDiagnosticMessagesClient.dylib
0x00000000043aa000 	/System/Library/PrivateFrameworks/DFRFoundation.framework/Versions/A/DFRFoundation
0x00000000043aa000 	/usr/lib/libicucore.A.dylib
0x00000000043aa000 	/System/Library/Frameworks/AudioToolbox.framework/Versions/A/AudioToolbox
0x00000000043aa000 	/System/Library/Frameworks/AudioUnit.framework/Versions/A/AudioUnit
0x00000000043aa000 	/usr/lib/libauto.dylib
0x00000000043aa000 	/System/Library/PrivateFrameworks/DataDetectorsCore.framework/Versions/A/DataDetectorsCore
0x00000000043aa000 	/System/Library/Frameworks/Carbon.framework/Versions/A/Frameworks/HIToolbox.framework/Versions/A/HIToolbox
0x00000000043aa000 	/System/Library/Frameworks/QuartzCore.framework/Versions/A/QuartzCore
0x00000000043aa000 	/System/Library/Frameworks/Carbon.framework/Versions/A/Frameworks/SpeechRecognition.framework/Versions/A/SpeechRecognition
0x00000000043aa000 	/System/Library/PrivateFrameworks/CoreUI.framework/Versions/A/CoreUI
0x00000000043aa000 	/System/Library/Frameworks/CoreAudio.framework/Versions/A/CoreAudio
0x00000000043aa000 	/System/Library/Frameworks/DiskArbitration.framework/Versions/A/DiskArbitration
0x00000000043aa000 	/System/Library/PrivateFrameworks/MultitouchSupport.framework/Versions/A/MultitouchSupport
0x00000000043aa000 	/usr/lib/libenergytrace.dylib
0x00000000043aa000 	/System/Library/Frameworks/IOKit.framework/Versions/A/IOKit
0x00000000043aa000 	/System/Library/Frameworks/CoreServices.framework/Versions/A/CoreServices
0x00000000043aa000 	/System/Library/PrivateFrameworks/PerformanceAnalysis.framework/Versions/A/PerformanceAnalysis
0x00000000043aa000 	/System/Library/Frameworks/OpenGL.framework/Versions/A/OpenGL
0x00000000043aa000 	/System/Library/Frameworks/ColorSync.framework/Versions/A/ColorSync
0x00000000043aa000 	/System/Library/Frameworks/CoreImage.framework/Versions/A/CoreImage
0x00000000043aa000 	/System/Library/Frameworks/CoreText.framework/Versions/A/CoreText
0x00000000043aa000 	/System/Library/Frameworks/ImageIO.framework/Versions/A/ImageIO
0x00000000043aa000 	/usr/lib/libc++.1.dylib
0x00000000043aa000 	/usr/lib/libcompression.dylib
0x00000000043aa000 	/usr/lib/libMobileGestalt.dylib
0x00000000043aa000 	/System/Library/PrivateFrameworks/TextureIO.framework/Versions/A/TextureIO
0x00000000043aa000 	/usr/lib/libate.dylib
0x00000000043aa000 	/System/Library/PrivateFrameworks/InternationalSupport.framework/Versions/A/InternationalSupport
0x00000000043aa000 	/usr/lib/system/libcache.dylib
0x00000000043aa000 	/usr/lib/system/libcommonCrypto.dylib
0x00000000043aa000 	/usr/lib/system/libcompiler_rt.dylib
0x00000000043aa000 	/usr/lib/system/libcopyfile.dylib
0x00000000043aa000 	/usr/lib/system/libcorecrypto.dylib
0x00000000043aa000 	/usr/lib/system/libdispatch.dylib
0x00000000043aa000 	/usr/lib/system/libdyld.dylib
0x00000000043aa000 	/usr/lib/system/libkeymgr.dylib
0x00000000043aa000 	/usr/lib/system/liblaunch.dylib
0x00000000043aa000 	/usr/lib/system/libmacho.dylib
0x00000000043aa000 	/usr/lib/system/libquarantine.dylib
0x00000000043aa000 	/usr/lib/system/libremovefile.dylib
0x00000000043aa000 	/usr/lib/system/libsystem_asl.dylib
0x00000000043aa000 	/usr/lib/system/libsystem_blocks.dylib
0x00000000043aa000 	/usr/lib/system/libsystem_c.dylib
0x00000000043aa000 	/usr/lib/system/libsystem_configuration.dylib
0x00000000043aa000 	/usr/lib/system/libsystem_coreservices.dylib
0x00000000043aa000 	/usr/lib/system/libsystem_darwin.dylib
0x00000000043aa000 	/usr/lib/system/libsystem_dnssd.dylib
0x00000000043aa000 	/usr/lib/system/libsystem_featureflags.dylib
0x00000000043aa000 	/usr/lib/system/libsystem_info.dylib
0x00000000043aa000 	/usr/lib/system/libsystem_m.dylib
0x00000000043aa000 	/usr/lib/system/libsystem_malloc.dylib
0x00000000043aa000 	/usr/lib/system/libsystem_networkextension.dylib
0x00000000043aa000 	/usr/lib/system/libsystem_notify.dylib
0x00000000043aa000 	/usr/lib/system/libsystem_sandbox.dylib
0x00000000043aa000 	/usr/lib/system/libsystem_secinit.dylib
0x00000000043aa000 	/usr/lib/system/libsystem_kernel.dylib
0x00000000043aa000 	/usr/lib/system/libsystem_platform.dylib
0x00000000043aa000 	/usr/lib/system/libsystem_pthread.dylib
0x00000000043aa000 	/usr/lib/system/libsystem_symptoms.dylib
0x00000000043aa000 	/usr/lib/system/libsystem_trace.dylib
0x00000000043aa000 	/usr/lib/system/libunwind.dylib
0x00000000043aa000 	/usr/lib/system/libxpc.dylib
0x00000000043aa000 	/usr/lib/libc++abi.dylib
0x00000000043aa000 	/usr/lib/liblzma.5.dylib
0x00000000043aa000 	/usr/lib/libfakelink.dylib
0x00000000043aa000 	/usr/lib/libarchive.2.dylib
0x00000000043aa000 	/System/Library/Frameworks/SystemConfiguration.framework/Versions/A/SystemConfiguration
0x00000000043aa000 	/usr/lib/libCRFSuite.dylib
0x00000000043aa000 	/System/Library/Frameworks/CFNetwork.framework/Versions/A/CFNetwork
0x00000000043aa000 	/usr/lib/libbsm.0.dylib
0x00000000043aa000 	/usr/lib/system/libkxld.dylib
0x00000000043aa000 	/System/Library/PrivateFrameworks/AppleFSCompression.framework/Versions/A/AppleFSCompression
0x00000000043aa000 	/usr/lib/libcoretls.dylib
0x00000000043aa000 	/usr/lib/libcoretls_cfhelpers.dylib
0x00000000043aa000 	/usr/lib/libpam.2.dylib
0x00000000043aa000 	/usr/lib/libsqlite3.dylib
0x00000000043aa000 	/usr/lib/libxar.1.dylib
0x00000000043aa000 	/usr/lib/libbz2.1.0.dylib
0x00000000043aa000 	/usr/lib/libiconv.2.dylib
0x00000000043aa000 	/usr/lib/libcharset.1.dylib
0x00000000043aa000 	/usr/lib/libnetwork.dylib
0x00000000043aa000 	/usr/lib/libpcap.A.dylib
0x00000000043aa000 	/usr/lib/libapple_nghttp2.dylib
0x00000000043aa000 	/System/Library/Frameworks/CoreServices.framework/Versions/A/Frameworks/FSEvents.framework/Versions/A/FSEvents
0x00000000043aa000 	/System/Library/Frameworks/CoreServices.framework/Versions/A/Frameworks/CarbonCore.framework/Versions/A/CarbonCore
0x00000000043aa000 	/System/Library/Frameworks/CoreServices.framework/Versions/A/Frameworks/Metadata.framework/Versions/A/Metadata
0x00000000043aa000 	/System/Library/Frameworks/CoreServices.framework/Versions/A/Frameworks/OSServices.framework/Versions/A/OSServices
0x00000000043aa000 	/System/Library/Frameworks/CoreServices.framework/Versions/A/Frameworks/SearchKit.framework/Versions/A/SearchKit
0x00000000043aa000 	/System/Library/Frameworks/CoreServices.framework/Versions/A/Frameworks/AE.framework/Versions/A/AE
0x00000000043aa000 	/System/Library/Frameworks/CoreServices.framework/Versions/A/Frameworks/LaunchServices.framework/Versions/A/LaunchServices
0x00000000043aa000 	/System/Library/Frameworks/CoreServices.framework/Versions/A/Frameworks/DictionaryServices.framework/Versions/A/DictionaryServices
0x00000000043aa000 	/System/Library/Frameworks/CoreServices.framework/Versions/A/Frameworks/SharedFileList.framework/Versions/A/SharedFileList
0x00000000043aa000 	/System/Library/Frameworks/NetFS.framework/Versions/A/NetFS
0x00000000043aa000 	/System/Library/PrivateFrameworks/NetAuth.framework/Versions/A/NetAuth
0x00000000043aa000 	/System/Library/PrivateFrameworks/login.framework/Versions/A/Frameworks/loginsupport.framework/Versions/A/loginsupport
0x00000000043aa000 	/System/Library/PrivateFrameworks/TCC.framework/Versions/A/TCC
0x00000000043aa000 	/System/Library/PrivateFrameworks/CoreNLP.framework/Versions/A/CoreNLP
0x00000000043aa000 	/System/Library/PrivateFrameworks/MetadataUtilities.framework/Versions/A/MetadataUtilities
0x00000000043aa000 	/usr/lib/libmecabra.dylib
0x00000000043aa000 	/usr/lib/libmecab.dylib
0x00000000043aa000 	/usr/lib/libgermantok.dylib
0x00000000043aa000 	/usr/lib/libThaiTokenizer.dylib
0x00000000043aa000 	/usr/lib/libChineseTokenizer.dylib
0x00000000043aa000 	/System/Library/Frameworks/Accelerate.framework/Versions/A/Frameworks/vImage.framework/Versions/A/vImage
0x00000000043aa000 	/System/Library/Frameworks/Accelerate.framework/Versions/A/Frameworks/vecLib.framework/Versions/A/vecLib
0x00000000043aa000 	/System/Library/Frameworks/Accelerate.framework/Versions/A/Frameworks/vecLib.framework/Versions/A/libvMisc.dylib
0x00000000043aa000 	/System/Library/Frameworks/Accelerate.framework/Versions/A/Frameworks/vecLib.framework/Versions/A/libvDSP.dylib
0x00000000043aa000 	/System/Library/Frameworks/Accelerate.framework/Versions/A/Frameworks/vecLib.framework/Versions/A/libBLAS.dylib
0x00000000043aa000 	/System/Library/Frameworks/Accelerate.framework/Versions/A/Frameworks/vecLib.framework/Versions/A/libLAPACK.dylib
0x00000000043aa000 	/System/Library/Frameworks/Accelerate.framework/Versions/A/Frameworks/vecLib.framework/Versions/A/libLinearAlgebra.dylib
0x00000000043aa000 	/System/Library/Frameworks/Accelerate.framework/Versions/A/Frameworks/vecLib.framework/Versions/A/libSparseBLAS.dylib
0x00000000043aa000 	/System/Library/Frameworks/Accelerate.framework/Versions/A/Frameworks/vecLib.framework/Versions/A/libQuadrature.dylib
0x00000000043aa000 	/System/Library/Frameworks/Accelerate.framework/Versions/A/Frameworks/vecLib.framework/Versions/A/libBNNS.dylib
0x00000000043aa000 	/System/Library/Frameworks/Accelerate.framework/Versions/A/Frameworks/vecLib.framework/Versions/A/libSparse.dylib
0x00000000043aa000 	/System/Library/PrivateFrameworks/LanguageModeling.framework/Versions/A/LanguageModeling
0x00000000043aa000 	/System/Library/PrivateFrameworks/CoreEmoji.framework/Versions/A/CoreEmoji
0x00000000043aa000 	/System/Library/PrivateFrameworks/LinguisticData.framework/Versions/A/LinguisticData
0x00000000043aa000 	/System/Library/PrivateFrameworks/Lexicon.framework/Versions/A/Lexicon
0x00000000043aa000 	/usr/lib/libcmph.dylib
0x00000000043aa000 	/System/Library/Frameworks/OpenDirectory.framework/Versions/A/Frameworks/CFOpenDirectory.framework/Versions/A/CFOpenDirectory
0x00000000043aa000 	/System/Library/Frameworks/OpenDirectory.framework/Versions/A/OpenDirectory
0x00000000043aa000 	/System/Library/PrivateFrameworks/APFS.framework/Versions/A/APFS
0x00000000043aa000 	/System/Library/Frameworks/SecurityFoundation.framework/Versions/A/SecurityFoundation
0x00000000043aa000 	/usr/lib/libutil.dylib
0x00000000043aa000 	/System/Library/PrivateFrameworks/CoreServicesStore.framework/Versions/A/CoreServicesStore
0x00000000043aa000 	/System/Library/Frameworks/ServiceManagement.framework/Versions/A/ServiceManagement
0x00000000043aa000 	/System/Library/PrivateFrameworks/BackgroundTaskManagement.framework/Versions/A/BackgroundTaskManagement
0x00000000043aa000 	/usr/lib/libxslt.1.dylib
0x00000000043aa000 	/System/Library/PrivateFrameworks/AppleSystemInfo.framework/Versions/A/AppleSystemInfo
0x00000000043aa000 	/System/Library/Frameworks/ImageIO.framework/Versions/A/Resources/libJPEG.dylib
0x00000000043aa000 	/System/Library/Frameworks/ImageIO.framework/Versions/A/Resources/libTIFF.dylib
0x00000000043aa000 	/System/Library/Frameworks/ImageIO.framework/Versions/A/Resources/libPng.dylib
0x00000000043aa000 	/System/Library/Frameworks/ImageIO.framework/Versions/A/Resources/libGIF.dylib
0x00000000043aa000 	/System/Library/Frameworks/ImageIO.framework/Versions/A/Resources/libJP2.dylib
0x00000000043aa000 	/System/Library/Frameworks/ImageIO.framework/Versions/A/Resources/libRadiance.dylib
0x00000000043aa000 	/usr/lib/libexpat.1.dylib
0x00000000043aa000 	/System/Library/PrivateFrameworks/AppleJPEG.framework/Versions/A/AppleJPEG
0x00000000043aa000 	/System/Library/PrivateFrameworks/FontServices.framework/libFontParser.dylib
0x00000000043aa000 	/System/Library/PrivateFrameworks/WatchdogClient.framework/Versions/A/WatchdogClient
0x00000000043aa000 	/System/Library/PrivateFrameworks/IOAccelerator.framework/Versions/A/IOAccelerator
0x00000000043aa000 	/System/Library/Frameworks/MetalPerformanceShaders.framework/Versions/A/MetalPerformanceShaders
0x00000000043aa000 	/System/Library/PrivateFrameworks/GPUWrangler.framework/Versions/A/GPUWrangler
0x00000000043aa000 	/System/Library/PrivateFrameworks/IOPresentment.framework/Versions/A/IOPresentment
0x00000000043aa000 	/System/Library/PrivateFrameworks/DSExternalDisplay.framework/Versions/A/DSExternalDisplay
0x00000000043aa000 	/System/Library/Frameworks/OpenGL.framework/Versions/A/Libraries/libCoreFSCache.dylib
0x00000000043aa000 	/System/Library/Frameworks/MetalPerformanceShaders.framework/Frameworks/MPSCore.framework/Versions/A/MPSCore
0x00000000043aa000 	/System/Library/Frameworks/MetalPerformanceShaders.framework/Frameworks/MPSImage.framework/Versions/A/MPSImage
0x00000000043aa000 	/System/Library/Frameworks/MetalPerformanceShaders.framework/Frameworks/MPSNeuralNetwork.framework/Versions/A/MPSNeuralNetwork
0x00000000043aa000 	/System/Library/Frameworks/MetalPerformanceShaders.framework/Frameworks/MPSMatrix.framework/Versions/A/MPSMatrix
0x00000000043aa000 	/System/Library/Frameworks/MetalPerformanceShaders.framework/Frameworks/MPSRayIntersector.framework/Versions/A/MPSRayIntersector
0x00000000043aa000 	/System/Library/Frameworks/MetalPerformanceShaders.framework/Frameworks/MPSNDArray.framework/Versions/A/MPSNDArray
0x00000000043aa000 	/System/Library/PrivateFrameworks/MetalTools.framework/Versions/A/MetalTools
0x00000000043aa000 	/System/Library/PrivateFrameworks/AggregateDictionary.framework/Versions/A/AggregateDictionary
0x00000000043aa000 	/System/Library/PrivateFrameworks/CoreAnalytics.framework/Versions/A/CoreAnalytics
0x00000000043aa000 	/System/Library/PrivateFrameworks/AppleSauce.framework/Versions/A/AppleSauce
0x00000000043aa000 	/usr/lib/libIOReport.dylib
0x00000000043aa000 	/System/Library/Frameworks/CoreVideo.framework/Versions/A/CoreVideo
0x00000000043aa000 	/System/Library/PrivateFrameworks/GraphVisualizer.framework/Versions/A/GraphVisualizer
0x00000000043aa000 	/System/Library/PrivateFrameworks/FaceCore.framework/Versions/A/FaceCore
0x00000000043aa000 	/System/Library/Frameworks/OpenCL.framework/Versions/A/OpenCL
0x00000000043aa000 	/usr/lib/libFosl_dynamic.dylib
0x00000000043aa000 	/System/Library/PrivateFrameworks/OTSVG.framework/Versions/A/OTSVG
0x00000000043aa000 	/System/Library/Frameworks/ApplicationServices.framework/Versions/A/Frameworks/ATS.framework/Versions/A/Resources/libFontRegistry.dylib
0x00000000043aa000 	/System/Library/PrivateFrameworks/FontServices.framework/libhvf.dylib
0x00000000043aa000 	/System/Library/Frameworks/OpenGL.framework/Versions/A/Libraries/libGFXShared.dylib
0x00000000043aa000 	/System/Library/Frameworks/OpenGL.framework/Versions/A/Libraries/libGLU.dylib
0x00000000043aa000 	/System/Library/Frameworks/OpenGL.framework/Versions/A/Libraries/libGL.dylib
0x00000000043aa000 	/System/Library/Frameworks/OpenGL.framework/Versions/A/Libraries/libGLImage.dylib
0x00000000043aa000 	/System/Library/Frameworks/OpenGL.framework/Versions/A/Libraries/libCVMSPluginSupport.dylib
0x00000000043aa000 	/System/Library/Frameworks/OpenGL.framework/Versions/A/Libraries/libCoreVMClient.dylib
0x00000000043aa000 	/usr/lib/libncurses.5.4.dylib
0x00000000043aa000 	/System/Library/Frameworks/ApplicationServices.framework/Versions/A/Frameworks/ATS.framework/Versions/A/ATS
0x00000000043aa000 	/System/Library/Frameworks/ApplicationServices.framework/Versions/A/Frameworks/ColorSyncLegacy.framework/Versions/A/ColorSyncLegacy
0x00000000043aa000 	/System/Library/Frameworks/ApplicationServices.framework/Versions/A/Frameworks/HIServices.framework/Versions/A/HIServices
0x00000000043aa000 	/System/Library/Frameworks/ApplicationServices.framework/Versions/A/Frameworks/LangAnalysis.framework/Versions/A/LangAnalysis
0x00000000043aa000 	/System/Library/Frameworks/ApplicationServices.framework/Versions/A/Frameworks/PrintCore.framework/Versions/A/PrintCore
0x00000000043aa000 	/System/Library/Frameworks/ApplicationServices.framework/Versions/A/Frameworks/QD.framework/Versions/A/QD
0x00000000043aa000 	/System/Library/Frameworks/ApplicationServices.framework/Versions/A/Frameworks/SpeechSynthesis.framework/Versions/A/SpeechSynthesis
0x00000000043aa000 	/System/Library/Frameworks/ApplicationServices.framework/Versions/A/Frameworks/ATSUI.framework/Versions/A/ATSUI
0x00000000043aa000 	/usr/lib/libcups.2.dylib
0x00000000043aa000 	/System/Library/Frameworks/Kerberos.framework/Versions/A/Kerberos
0x00000000043aa000 	/System/Library/Frameworks/GSS.framework/Versions/A/GSS
0x00000000043aa000 	/usr/lib/libresolv.9.dylib
0x00000000043aa000 	/System/Library/PrivateFrameworks/Heimdal.framework/Versions/A/Heimdal
0x00000000043aa000 	/System/Library/Frameworks/Kerberos.framework/Versions/A/Libraries/libHeimdalProxy.dylib
0x00000000043aa000 	/usr/lib/libheimdal-asn1.dylib
0x00000000043aa000 	/System/Library/PrivateFrameworks/CommonAuth.framework/Versions/A/CommonAuth
0x00000000043aa000 	/System/Library/PrivateFrameworks/AssertionServices.framework/Versions/A/AssertionServices
0x00000000043aa000 	/System/Library/PrivateFrameworks/AudioToolboxCore.framework/Versions/A/AudioToolboxCore
0x00000000043aa000 	/System/Library/PrivateFrameworks/caulk.framework/Versions/A/caulk
0x00000000043aa000 	/System/Library/PrivateFrameworks/BaseBoard.framework/Versions/A/BaseBoard
0x00000000043aa000 	/System/Library/PrivateFrameworks/RunningBoardServices.framework/Versions/A/RunningBoardServices
0x00000000043aa000 	/System/Library/PrivateFrameworks/PersistentConnection.framework/Versions/A/PersistentConnection
0x00000000043aa000 	/System/Library/PrivateFrameworks/ProtocolBuffer.framework/Versions/A/ProtocolBuffer
0x00000000043aa000 	/System/Library/PrivateFrameworks/CommonUtilities.framework/Versions/A/CommonUtilities
0x00000000043aa000 	/System/Library/PrivateFrameworks/Bom.framework/Versions/A/Bom
0x00000000043aa000 	/usr/lib/libAudioToolboxUtility.dylib
0x00000000043aa000 	/System/Library/PrivateFrameworks/Backup.framework/Versions/A/Backup
0x00000000043aa000 	/System/Library/PrivateFrameworks/CrashReporterSupport.framework/Versions/A/CrashReporterSupport
0x00000000043aa000 	/System/Library/PrivateFrameworks/Sharing.framework/Versions/A/Sharing
0x00000000043aa000 	/System/Library/PrivateFrameworks/Apple80211.framework/Versions/A/Apple80211
0x00000000043aa000 	/System/Library/PrivateFrameworks/AuthKit.framework/Versions/A/AuthKit
0x00000000043aa000 	/System/Library/PrivateFrameworks/CoreUtils.framework/Versions/A/CoreUtils
0x00000000043aa000 	/System/Library/Frameworks/CoreWLAN.framework/Versions/A/CoreWLAN
0x00000000043aa000 	/System/Library/Frameworks/IOBluetooth.framework/Versions/A/IOBluetooth
0x00000000043aa000 	/System/Library/PrivateFrameworks/MobileKeyBag.framework/Versions/A/MobileKeyBag
0x00000000043aa000 	/System/Library/PrivateFrameworks/CorePhoneNumbers.framework/Versions/A/CorePhoneNumbers
0x00000000043aa000 	/System/Library/PrivateFrameworks/AppleIDAuthSupport.framework/Versions/A/AppleIDAuthSupport
0x00000000043aa000 	/System/Library/Frameworks/Network.framework/Versions/A/Network
0x00000000043aa000 	/System/Library/PrivateFrameworks/KeychainCircle.framework/Versions/A/KeychainCircle
0x00000000043aa000 	/System/Library/Frameworks/CoreBluetooth.framework/Versions/A/CoreBluetooth
0x00000000043aa000 	/System/Library/PrivateFrameworks/SpeechRecognitionCore.framework/Versions/A/SpeechRecognitionCore
0x00000000043aa000 	/System/Library/CoreServices/Encodings/libSimplifiedChineseConverter.dylib
0x000000010ea00000 	/Library/Java/JavaVirtualMachines/jdk1.8.0_144.jdk/Contents/Home/jre/lib/server/libjvm.dylib
0x00000000043aa000 	/usr/lib/libstdc++.6.dylib
0x000000010e0f8000 	/Library/Java/JavaVirtualMachines/jdk1.8.0_144.jdk/Contents/Home/jre/lib/libverify.dylib
0x000000010e106000 	/Library/Java/JavaVirtualMachines/jdk1.8.0_144.jdk/Contents/Home/jre/lib/libjava.dylib
0x000000010e13c000 	/Library/Java/JavaVirtualMachines/jdk1.8.0_144.jdk/Contents/Home/jre/lib/libjdwp.dylib
0x000000010e187000 	/Library/Java/JavaVirtualMachines/jdk1.8.0_144.jdk/Contents/Home/jre/lib/libnpt.dylib
0x000000010e18b000 	/Library/Java/JavaVirtualMachines/jdk1.8.0_144.jdk/Contents/Home/jre/lib/libinstrument.dylib
0x000000010e1f7000 	/Library/Java/JavaVirtualMachines/jdk1.8.0_144.jdk/Contents/Home/jre/lib/libzip.dylib
0x00000000043aa000 	/System/Library/Frameworks/JavaVM.framework/Versions/A/Frameworks/JavaRuntimeSupport.framework/Versions/A/JavaRuntimeSupport
0x00000000043aa000 	/System/Library/Frameworks/JavaVM.framework/Versions/A/Frameworks/JavaNativeFoundation.framework/Versions/A/JavaNativeFoundation
0x00000000043aa000 	/System/Library/Frameworks/JavaVM.framework/Versions/A/JavaVM
0x00000000043aa000 	/System/Library/Frameworks/Carbon.framework/Versions/A/Carbon
0x00000000043aa000 	/System/Library/PrivateFrameworks/CoreSymbolication.framework/Versions/A/CoreSymbolication
0x00000000043aa000 	/System/Library/PrivateFrameworks/JavaLaunching.framework/Versions/A/JavaLaunching
0x00000000043aa000 	/System/Library/Frameworks/Carbon.framework/Versions/A/Frameworks/CommonPanels.framework/Versions/A/CommonPanels
0x00000000043aa000 	/System/Library/Frameworks/Carbon.framework/Versions/A/Frameworks/Help.framework/Versions/A/Help
0x00000000043aa000 	/System/Library/Frameworks/Carbon.framework/Versions/A/Frameworks/ImageCapture.framework/Versions/A/ImageCapture
0x00000000043aa000 	/System/Library/Frameworks/Carbon.framework/Versions/A/Frameworks/OpenScripting.framework/Versions/A/OpenScripting
0x00000000043aa000 	/System/Library/Frameworks/Carbon.framework/Versions/A/Frameworks/Ink.framework/Versions/A/Ink
0x00000000043aa000 	/System/Library/Frameworks/Carbon.framework/Versions/A/Frameworks/Print.framework/Versions/A/Print
0x00000000043aa000 	/System/Library/Frameworks/Carbon.framework/Versions/A/Frameworks/SecurityHI.framework/Versions/A/SecurityHI
0x00000000043aa000 	/System/Library/PrivateFrameworks/DebugSymbols.framework/Versions/A/DebugSymbols
0x0000000125d65000 	/Library/Java/JavaVirtualMachines/jdk1.8.0_144.jdk/Contents/Home/jre/lib/libdt_socket.dylib

VM Arguments:
jvm_args: -agentlib:jdwp=transport=dt_socket,address=127.0.0.1:53250,suspend=y,server=n -javaagent:/Users/fenlai/Library/Caches/IntelliJIdea2019.3/captureAgent/debugger-agent.jar -Dfile.encoding=UTF-8 
java_command: com.night.lock.LockTest
java_class_path (initial): /Library/Java/JavaVirtualMachines/jdk1.8.0_144.jdk/Contents/Home/jre/lib/charsets.jar:/Library/Java/JavaVirtualMachines/jdk1.8.0_144.jdk/Contents/Home/jre/lib/deploy.jar:/Library/Java/JavaVirtualMachines/jdk1.8.0_144.jdk/Contents/Home/jre/lib/ext/cldrdata.jar:/Library/Java/JavaVirtualMachines/jdk1.8.0_144.jdk/Contents/Home/jre/lib/ext/dnsns.jar:/Library/Java/JavaVirtualMachines/jdk1.8.0_144.jdk/Contents/Home/jre/lib/ext/jaccess.jar:/Library/Java/JavaVirtualMachines/jdk1.8.0_144.jdk/Contents/Home/jre/lib/ext/jfxrt.jar:/Library/Java/JavaVirtualMachines/jdk1.8.0_144.jdk/Contents/Home/jre/lib/ext/localedata.jar:/Library/Java/JavaVirtualMachines/jdk1.8.0_144.jdk/Contents/Home/jre/lib/ext/nashorn.jar:/Library/Java/JavaVirtualMachines/jdk1.8.0_144.jdk/Contents/Home/jre/lib/ext/sunec.jar:/Library/Java/JavaVirtualMachines/jdk1.8.0_144.jdk/Contents/Home/jre/lib/ext/sunjce_provider.jar:/Library/Java/JavaVirtualMachines/jdk1.8.0_144.jdk/Contents/Home/jre/lib/ext/sunpkcs11.jar:/Library/Java/JavaVirtualMachines/jdk1.8.0_144.jdk/Contents/Home/jre/lib/ext/zipfs.jar:/Library/Java/JavaVirtualMachines/jdk1.8.0_144.jdk/Contents/Home/jre/lib/javaws.jar:/Library/Java/JavaVirtualMachines/jdk1.8.0_144.jdk/Contents/Home/jre/lib/jce.jar:/Library/Java/JavaVirtualMachines/jdk1.8.0_144.jdk/Contents/Home/jre/lib/jfr.jar:/Library/Java/JavaVirtualMachines/jdk1.8.0_144.jdk/Contents/Home/jre/lib/jfxswt.jar:/Library/Java/JavaVirtualMachines/jdk1.8.0_144.jdk/Contents/Home/jre/lib/jsse.jar:/Library/Java/JavaVirtualMachines/jdk1.8.0_144.jdk/Contents/Home/jre/lib/management-agent.jar:/Library/Java/JavaVirtualMachines/jdk1.8.0_144.jdk/Contents/Home/jre/lib/plugin.jar:/Library/Java/JavaVirtualMachines/jdk1.8.0_144.jdk/Contents/Home/jre/lib/resources.jar:/Library/Java/JavaVirtualMachines/jdk1.8.0_144.jdk/Contents/Home/jre/lib/rt.jar:/Library/Java/JavaVirtualMachines/jdk1.8.0_144.jdk/Contents/Home/lib/ant-javafx.jar:/Library/Java/JavaVirtualMachines/jdk1.8.0_144.jdk/Contents/Home
Launcher Type: SUN_STANDARD

Environment Variables:
PATH=/Users/fenlai/.nvm/versions/node/v8.16.2/bin:/Library/Frameworks/Python.framework/Versions/3.7/bin:/usr/local/bin:/usr/bin:/bin:/usr/sbin:/sbin:/Users/fenlai/.rvm/bin
SHELL=/bin/zsh

Signal Handlers:
SIGSEGV: [libjvm.dylib+0x5b26e5], sa_mask[0]=11111111011111110111111111111111, sa_flags=SA_ONSTACK|SA_RESTART|SA_SIGINFO
SIGBUS: [libjvm.dylib+0x5b26e5], sa_mask[0]=11111111011111110111111111111111, sa_flags=SA_RESTART|SA_SIGINFO
SIGFPE: [libjvm.dylib+0x489100], sa_mask[0]=11111111011111110111111111111111, sa_flags=SA_RESTART|SA_SIGINFO
SIGPIPE: [libjvm.dylib+0x489100], sa_mask[0]=11111111011111110111111111111111, sa_flags=SA_RESTART|SA_SIGINFO
SIGXFSZ: [libjvm.dylib+0x489100], sa_mask[0]=11111111011111110111111111111111, sa_flags=SA_RESTART|SA_SIGINFO
SIGILL: [libjvm.dylib+0x489100], sa_mask[0]=11111111011111110111111111111111, sa_flags=SA_RESTART|SA_SIGINFO
SIGUSR1: SIG_DFL, sa_mask[0]=00000000000000000000000000000000, sa_flags=none
SIGUSR2: [libjvm.dylib+0x488c1e], sa_mask[0]=00100000000000000000000000000000, sa_flags=SA_RESTART|SA_SIGINFO
SIGHUP: [libjvm.dylib+0x4871f5], sa_mask[0]=11111111011111110111111111111111, sa_flags=SA_RESTART|SA_SIGINFO
SIGINT: [libjvm.dylib+0x4871f5], sa_mask[0]=11111111011111110111111111111111, sa_flags=SA_RESTART|SA_SIGINFO
SIGTERM: [libjvm.dylib+0x4871f5], sa_mask[0]=11111111011111110111111111111111, sa_flags=SA_RESTART|SA_SIGINFO
SIGQUIT: [libjvm.dylib+0x4871f5], sa_mask[0]=11111111011111110111111111111111, sa_flags=SA_RESTART|SA_SIGINFO


---------------  S Y S T E M  ---------------

OS:Bsduname:Darwin 19.5.0 Darwin Kernel Version 19.5.0: Tue May 26 20:41:44 PDT 2020; root:xnu-6153.121.2~2/RELEASE_X86_64 x86_64
rlimit: STACK 8192k, CORE 0k, NPROC 1392, NOFILE 10240, AS infinity
load average:4.85 5.61 5.15

CPU:total 4 (initial active 4) (2 cores per cpu, 2 threads per core) family 6 model 61 stepping 4, cmov, cx8, fxsr, mmx, sse, sse2, sse3, ssse3, sse4.1, sse4.2, popcnt, avx, avx2, aes, clmul, erms, rtm, 3dnowpref, lzcnt, ht, tsc, tscinvbit, bmi1, bmi2, adx

Memory: 4k page, physical 8388608k(244168k free)

/proc/meminfo:


vm_info: Java HotSpot(TM) 64-Bit Server VM (25.144-b01) for bsd-amd64 JRE (1.8.0_144-b01), built on Jul 21 2017 22:07:42 by "java_re" with gcc 4.2.1 (Based on Apple Inc. build 5658) (LLVM build 2336.11.00)

time: Mon Aug 16 10:51:31 2021
elapsed time: 145 seconds (0d 0h 2m 25s)

